2021-04-26 15:12:05,281 - INFO - #######################(Program Start (Date: 2021-04-26))#######################
2021-04-26 15:12:05,281 - DEBUG - Initiating process: youtube-trending-video-dataset/rsrishav
2021-04-26 15:12:05,697 - INFO - Outdated version: youtube-trending-video-dataset/rsrishav
2021-04-26 15:12:05,697 - INFO - Starting download: youtube-trending-video-dataset/rsrishav
2021-04-26 15:12:31,411 - INFO - Finished download: youtube-trending-video-dataset/rsrishav
2021-04-26 15:12:31,411 - DEBUG - Ending process: youtube-trending-video-dataset/rsrishav
2021-04-26 15:12:31,411 - DEBUG - Sleeping: 10 seconds.
2021-04-26 15:12:41,420 - DEBUG - Initiating process: covid19-stream-data/hgultekin
2021-04-26 15:12:41,836 - INFO - Files up-to-date: covid19-stream-data/hgultekin
2021-04-26 15:12:41,837 - DEBUG - Ending process: covid19-stream-data/hgultekin
2021-04-26 15:12:41,837 - DEBUG - Sleeping: 10 seconds.
2021-04-26 15:12:51,849 - DEBUG - Initiating process: los-angeles-parking-citations/cityofLA
2021-04-26 15:12:52,255 - INFO - Files up-to-date: los-angeles-parking-citations/cityofLA
2021-04-26 15:12:52,256 - DEBUG - Ending process: los-angeles-parking-citations/cityofLA
2021-04-26 15:12:52,256 - DEBUG - Sleeping: 10 seconds.
2021-04-26 15:13:02,268 - DEBUG - Initiating process: slogan-dataset/chaibapat
2021-04-26 15:13:23,332 - ERROR - [Line: 120] [Problem: HTTPSConnectionPool(host='www.kaggle.com', port=443): Max retries exceeded with url: /chaibapat/slogan-dataset/metadata (Caused by NewConnectionError('<urllib3.connection.HTTPSConnection object at 0x000002093C03C6A0>: Failed to establish a new connection: [WinError 10060] A connection attempt failed because the connected party did not properly respond after a period of time, or established connection failed because connected host has failed to respond'))]
2021-04-26 15:13:23,333 - CRITICAL - Unable to retrieve online version: slogan-dataset/chaibapat
2021-04-26 15:13:28,343 - DEBUG - Initiating process: sandp500/camnugent
2021-04-26 15:13:28,807 - WARNING - Potential dataset depreciation: sandp500/camnugent
2021-04-26 15:13:28,808 - INFO - Files up-to-date: sandp500/camnugent
2021-04-26 15:13:28,808 - DEBUG - Ending process: sandp500/camnugent
2021-04-26 15:13:28,808 - DEBUG - Sleeping: 10 seconds.
2021-04-26 15:13:38,813 - DEBUG - Initiating process: covid-19/gauravduttakiit
2021-04-26 15:13:39,227 - INFO - Files up-to-date: covid-19/gauravduttakiit
2021-04-26 15:13:39,227 - DEBUG - Ending process: covid-19/gauravduttakiit
2021-04-26 15:13:39,227 - DEBUG - Sleeping: 10 seconds.
2021-04-26 15:13:49,229 - DEBUG - Initiating process: coronavirus-in-italy/paultimothymooney
2021-04-26 15:13:49,623 - INFO - Files up-to-date: coronavirus-in-italy/paultimothymooney
2021-04-26 15:13:49,623 - DEBUG - Ending process: coronavirus-in-italy/paultimothymooney
2021-04-26 15:13:49,623 - DEBUG - Sleeping: 10 seconds.
2021-04-26 15:13:59,637 - DEBUG - Initiating process: all-covid19-vaccines-tweets/gpreda
2021-04-26 15:14:01,866 - INFO - Files up-to-date: all-covid19-vaccines-tweets/gpreda
2021-04-26 15:14:01,867 - DEBUG - Ending process: all-covid19-vaccines-tweets/gpreda
2021-04-26 15:14:01,867 - DEBUG - Sleeping: 10 seconds.
2021-04-26 15:14:11,882 - DEBUG - Initiating process: pfizer-vaccine-on-reddit/gpreda
2021-04-26 15:14:12,198 - INFO - Files up-to-date: pfizer-vaccine-on-reddit/gpreda
2021-04-26 15:14:12,199 - DEBUG - Ending process: pfizer-vaccine-on-reddit/gpreda
2021-04-26 15:14:12,199 - DEBUG - Sleeping: 10 seconds.
2021-04-26 15:14:22,211 - DEBUG - Initiating process: netflix-shows/shivamb
2021-04-26 15:14:22,626 - INFO - Files up-to-date: netflix-shows/shivamb
2021-04-26 15:14:22,627 - DEBUG - Ending process: netflix-shows/shivamb
2021-04-26 15:14:22,627 - DEBUG - Sleeping: 10 seconds.
2021-04-26 15:14:32,641 - DEBUG - Initiating process: reddit-wallstreetsbets-posts/gpreda
2021-04-26 15:14:33,008 - INFO - Files up-to-date: reddit-wallstreetsbets-posts/gpreda
2021-04-26 15:14:33,008 - DEBUG - Ending process: reddit-wallstreetsbets-posts/gpreda
2021-04-26 15:14:33,009 - DEBUG - Sleeping: 10 seconds.
2021-04-26 15:14:43,017 - DEBUG - Initiating process: politifact-factcheck-data/shivkumarganesh
2021-04-26 15:14:43,333 - INFO - Outdated version: politifact-factcheck-data/shivkumarganesh
2021-04-26 15:14:43,334 - INFO - Starting download: politifact-factcheck-data/shivkumarganesh
2021-04-26 15:14:47,745 - INFO - Finished download: politifact-factcheck-data/shivkumarganesh
2021-04-26 15:14:47,745 - DEBUG - Ending process: politifact-factcheck-data/shivkumarganesh
2021-04-26 15:14:47,745 - DEBUG - Sleeping: 10 seconds.
2021-04-26 15:14:57,747 - DEBUG - Initiating process: stocknews/aaron7sun
2021-04-26 15:15:01,169 - WARNING - Potential dataset depreciation: stocknews/aaron7sun
2021-04-26 15:15:01,171 - INFO - Files up-to-date: stocknews/aaron7sun
2021-04-26 15:15:01,171 - DEBUG - Ending process: stocknews/aaron7sun
2021-04-26 15:15:01,172 - DEBUG - Sleeping: 10 seconds.
2021-04-26 15:15:11,175 - DEBUG - Initiating process: goodreadsbooks/jealousleopard
2021-04-26 15:15:11,602 - WARNING - Potential dataset depreciation: goodreadsbooks/jealousleopard
2021-04-26 15:15:11,603 - INFO - Files up-to-date: goodreadsbooks/jealousleopard
2021-04-26 15:15:11,604 - DEBUG - Ending process: goodreadsbooks/jealousleopard
2021-04-26 15:15:11,604 - DEBUG - Sleeping: 10 seconds.
2021-04-26 15:15:21,611 - DEBUG - Initiating process: wikibooks-dataset/dhruvildave
2021-04-26 15:15:21,916 - INFO - Files up-to-date: wikibooks-dataset/dhruvildave
2021-04-26 15:15:21,917 - DEBUG - Ending process: wikibooks-dataset/dhruvildave
2021-04-26 15:15:21,917 - DEBUG - Sleeping: 10 seconds.
2021-04-26 15:15:31,918 - DEBUG - Initiating process: musicnet-dataset/imsparsh
2021-04-26 15:15:32,251 - INFO - Files up-to-date: musicnet-dataset/imsparsh
2021-04-26 15:15:32,251 - DEBUG - Ending process: musicnet-dataset/imsparsh
2021-04-26 15:15:32,252 - DEBUG - Sleeping: 10 seconds.
2021-04-26 15:15:42,253 - DEBUG - Initiating process: chess/datasnaek
2021-04-26 15:15:42,583 - WARNING - Potential dataset depreciation: chess/datasnaek
2021-04-26 15:15:42,585 - INFO - Files up-to-date: chess/datasnaek
2021-04-26 15:15:42,586 - DEBUG - Ending process: chess/datasnaek
2021-04-26 15:15:42,586 - DEBUG - Sleeping: 10 seconds.
2021-04-26 15:15:52,586 - DEBUG - Initiating process: netflix-shows/shivamb
2021-04-26 15:15:52,966 - INFO - Files up-to-date: netflix-shows/shivamb
2021-04-26 15:15:52,966 - DEBUG - Ending process: netflix-shows/shivamb
2021-04-26 15:15:52,966 - DEBUG - Sleeping: 10 seconds.
2021-04-26 15:16:02,970 - DEBUG - Initiating process: world-happiness/unsdsn
2021-04-26 15:16:03,345 - WARNING - Potential dataset depreciation: world-happiness/unsdsn
2021-04-26 15:16:03,346 - INFO - Files up-to-date: world-happiness/unsdsn
2021-04-26 15:16:03,347 - DEBUG - Ending process: world-happiness/unsdsn
2021-04-26 15:16:03,347 - DEBUG - Sleeping: 10 seconds.
2021-04-26 15:16:13,351 - DEBUG - Initiating process: hr-analytics-job-change-of-data-scientists/arashnic
2021-04-26 15:16:13,768 - WARNING - Potential dataset depreciation: hr-analytics-job-change-of-data-scientists/arashnic
2021-04-26 15:16:13,770 - INFO - Files up-to-date: hr-analytics-job-change-of-data-scientists/arashnic
2021-04-26 15:16:13,771 - DEBUG - Ending process: hr-analytics-job-change-of-data-scientists/arashnic
2021-04-26 15:16:13,771 - DEBUG - Sleeping: 10 seconds.
2021-04-26 15:16:23,785 - DEBUG - Initiating process: 392-crypto-currency-pairs-at-minute-resolution/tencars
2021-04-26 15:16:24,172 - INFO - Outdated version: 392-crypto-currency-pairs-at-minute-resolution/tencars
2021-04-26 15:16:24,173 - INFO - Starting download: 392-crypto-currency-pairs-at-minute-resolution/tencars
2021-04-26 15:17:14,006 - INFO - Finished download: 392-crypto-currency-pairs-at-minute-resolution/tencars
2021-04-26 15:17:14,006 - DEBUG - Ending process: 392-crypto-currency-pairs-at-minute-resolution/tencars
2021-04-26 15:17:14,006 - DEBUG - Sleeping: 10 seconds.
2021-04-26 15:17:24,019 - DEBUG - Initiating process: covid19-data-from-john-hopkins-university/antgoldbloom
2021-04-26 15:17:24,352 - INFO - Outdated version: covid19-data-from-john-hopkins-university/antgoldbloom
2021-04-26 15:17:24,353 - INFO - Starting download: covid19-data-from-john-hopkins-university/antgoldbloom
2021-04-26 15:17:26,339 - INFO - Finished download: covid19-data-from-john-hopkins-university/antgoldbloom
2021-04-26 15:17:26,339 - DEBUG - Ending process: covid19-data-from-john-hopkins-university/antgoldbloom
2021-04-26 15:17:26,339 - DEBUG - Sleeping: 10 seconds.
2021-04-26 15:17:36,346 - DEBUG - Initiating process: nys-currently-licensed-real-estate-appraisers/new-york-state
2021-04-26 15:17:36,794 - INFO - Outdated version: nys-currently-licensed-real-estate-appraisers/new-york-state
2021-04-26 15:17:36,795 - INFO - Starting download: nys-currently-licensed-real-estate-appraisers/new-york-state
2021-04-26 15:17:37,991 - INFO - Finished download: nys-currently-licensed-real-estate-appraisers/new-york-state
2021-04-26 15:17:37,992 - DEBUG - Ending process: nys-currently-licensed-real-estate-appraisers/new-york-state
2021-04-26 15:17:37,992 - DEBUG - Sleeping: 10 seconds.
2021-04-26 15:17:48,002 - DEBUG - Initiating process: nys-city-of-albany-building-permits-issued/new-york-state
2021-04-26 15:17:48,359 - INFO - Outdated version: nys-city-of-albany-building-permits-issued/new-york-state
2021-04-26 15:17:48,360 - INFO - Starting download: nys-city-of-albany-building-permits-issued/new-york-state
2021-04-26 15:17:52,164 - INFO - Finished download: nys-city-of-albany-building-permits-issued/new-york-state
2021-04-26 15:17:52,165 - DEBUG - Ending process: nys-city-of-albany-building-permits-issued/new-york-state
2021-04-26 15:17:52,165 - DEBUG - Sleeping: 10 seconds.
2021-04-26 15:18:02,175 - DEBUG - Initiating process: us-accidents/sobhanmoosavi
2021-04-26 15:18:02,551 - INFO - Files up-to-date: us-accidents/sobhanmoosavi
2021-04-26 15:18:02,552 - DEBUG - Ending process: us-accidents/sobhanmoosavi
2021-04-26 15:18:02,552 - DEBUG - Sleeping: 10 seconds.
2021-04-26 15:18:12,553 - DEBUG - Initiating process: covid-world-vaccination-progress/gpreda
2021-04-26 15:18:12,898 - INFO - Files up-to-date: covid-world-vaccination-progress/gpreda
2021-04-26 15:18:12,898 - DEBUG - Ending process: covid-world-vaccination-progress/gpreda
2021-04-26 15:18:12,899 - DEBUG - Sleeping: 10 seconds.
2021-04-26 15:18:22,913 - DEBUG - Initiating process: italian-vaccination/arthurio
2021-04-26 15:18:23,182 - INFO - Outdated version: italian-vaccination/arthurio
2021-04-26 15:18:23,183 - INFO - Starting download: italian-vaccination/arthurio
2021-04-26 15:18:24,234 - INFO - Finished download: italian-vaccination/arthurio
2021-04-26 15:18:24,234 - DEBUG - Ending process: italian-vaccination/arthurio
2021-04-26 15:18:24,234 - DEBUG - Sleeping: 10 seconds.
2021-04-26 15:18:34,242 - DEBUG - Initiating process: meta-kaggle/kaggle
2021-04-26 15:18:34,543 - INFO - Files up-to-date: meta-kaggle/kaggle
2021-04-26 15:18:34,544 - DEBUG - Ending process: meta-kaggle/kaggle
2021-04-26 15:18:34,544 - DEBUG - Sleeping: 10 seconds.
2021-04-26 15:18:44,545 - DEBUG - Initiating process: github-commit-messages-dataset/dhruvildave
2021-04-26 15:18:44,936 - INFO - Files up-to-date: github-commit-messages-dataset/dhruvildave
2021-04-26 15:18:44,937 - DEBUG - Ending process: github-commit-messages-dataset/dhruvildave
2021-04-26 15:18:44,937 - DEBUG - Sleeping: 10 seconds.
2021-04-26 15:18:54,941 - DEBUG - Initiating process: spotify-dataset-19212020-160k-tracks/yamaerenay
2021-04-26 15:18:55,332 - INFO - Files up-to-date: spotify-dataset-19212020-160k-tracks/yamaerenay
2021-04-26 15:18:55,333 - DEBUG - Ending process: spotify-dataset-19212020-160k-tracks/yamaerenay
2021-04-26 15:18:55,333 - DEBUG - Sleeping: 10 seconds.
2021-04-26 15:19:05,336 - DEBUG - Initiating process: us-counties-covid-19-dataset/fireballbyedimyrnmom
2021-04-26 15:19:05,700 - INFO - Files up-to-date: us-counties-covid-19-dataset/fireballbyedimyrnmom
2021-04-26 15:19:05,701 - DEBUG - Ending process: us-counties-covid-19-dataset/fireballbyedimyrnmom
2021-04-26 15:19:05,701 - DEBUG - Sleeping: 10 seconds.
2021-04-26 15:19:15,702 - DEBUG - Initiating process: billboard-the-hot-100-songs/dhruvildave
2021-04-26 15:19:16,121 - INFO - Files up-to-date: billboard-the-hot-100-songs/dhruvildave
2021-04-26 15:19:16,122 - DEBUG - Ending process: billboard-the-hot-100-songs/dhruvildave
2021-04-26 15:19:16,122 - DEBUG - Sleeping: 10 seconds.
2021-04-26 15:19:26,122 - DEBUG - Initiating process: population-growth-annual/komalkhetlani
2021-04-26 15:19:26,554 - INFO - Files up-to-date: population-growth-annual/komalkhetlani
2021-04-26 15:19:26,555 - DEBUG - Ending process: population-growth-annual/komalkhetlani
2021-04-26 15:19:26,555 - DEBUG - Sleeping: 10 seconds.
2021-04-26 15:19:36,559 - DEBUG - Initiating process: craigslist-carstrucks-data/austinreese
2021-04-26 15:19:37,108 - INFO - Files up-to-date: craigslist-carstrucks-data/austinreese
2021-04-26 15:19:37,109 - DEBUG - Ending process: craigslist-carstrucks-data/austinreese
2021-04-26 15:19:37,109 - DEBUG - Sleeping: 10 seconds.
2021-04-26 15:19:47,123 - DEBUG - Initiating process: stock-market-data/paultimothymooney
2021-04-26 15:19:47,796 - INFO - Files up-to-date: stock-market-data/paultimothymooney
2021-04-26 15:19:47,797 - DEBUG - Ending process: stock-market-data/paultimothymooney
2021-04-26 15:19:47,797 - DEBUG - Sleeping: 10 seconds.
2021-04-26 15:19:57,801 - DEBUG - Initiating process: hollywood-most-profitable-stories/brendan45774
2021-04-26 15:19:59,090 - INFO - Files up-to-date: hollywood-most-profitable-stories/brendan45774
2021-04-26 15:19:59,091 - DEBUG - Ending process: hollywood-most-profitable-stories/brendan45774
2021-04-26 15:19:59,091 - DEBUG - Sleeping: 10 seconds.
2021-04-26 15:20:09,106 - DEBUG - Initiating process: top-play-store-games/dhruvildave
2021-04-26 15:20:09,499 - INFO - Files up-to-date: top-play-store-games/dhruvildave
2021-04-26 15:20:09,499 - DEBUG - Ending process: top-play-store-games/dhruvildave
2021-04-26 15:20:09,500 - DEBUG - Sleeping: 10 seconds.
2021-04-26 15:20:20,120 - INFO - ########################(Program End (Date: 2021-04-26))########################
2021-04-26 15:20:20,120 - INFO - Elapsed time: 8.25 minutes
2021-04-26 15:20:20,121 - INFO - Added data: 4.28 GBs
